info [Wed Feb 26 2020 21:54:55 GMT+0200 (Eastern European Standard Time)]  [GET] : Accessing route: /generate
info [Wed Feb 26 2020 21:54:55 GMT+0200 (Eastern European Standard Time)]  [GET] : Accessing route: /ChuckNorris
info [Wed Feb 26 2020 21:54:57 GMT+0200 (Eastern European Standard Time)]  [GET][200] : Fetching successfully url: https://matchilling-chuck-norris-jokes-v1.p.rapidapi.com/joks/random in 1274ms
info [Wed Feb 26 2020 21:54:57 GMT+0200 (Eastern European Standard Time)]  [GET] : Accessing route: /numbers
info [Wed Feb 26 2020 21:54:59 GMT+0200 (Eastern European Standard Time)]  [GET] : Fetching url: https://numbersapi.p.rapidapi.com/6/12/date?fragment=true&json=true in 2218ms
info [Wed Feb 26 2020 21:54:59 GMT+0200 (Eastern European Standard Time)]  [ERROR][GET][200] : Fetching failed at url: /generate











































































info [Wed Feb 26 2020 22:25:13 GMT+0200 (Eastern European Standard Time)]  [GET] : Accessing route: /
info [Wed Feb 26 2020 22:26:02 GMT+0200 (Eastern European Standard Time)]  [GET] : Accessing route: /generate
info [Wed Feb 26 2020 22:26:02 GMT+0200 (Eastern European Standard Time)]  [GET] : Accessing route: /ChuckNorris
info [Wed Feb 26 2020 22:26:02 GMT+0200 (Eastern European Standard Time)]  [GET][200] : Fetching successfully url: https://matchilling-chuck-norris-jokes-v1.p.rapidapi.com/joks/random in 879ms
info [Wed Feb 26 2020 22:26:02 GMT+0200 (Eastern European Standard Time)]  [GET] : Accessing route: /numbers
info [Wed Feb 26 2020 22:26:03 GMT+0200 (Eastern European Standard Time)]  [GET] : Fetching url: https://numbersapi.p.rapidapi.com/6/12/date?fragment=true&json=true in 548ms
info [Wed Feb 26 2020 22:26:03 GMT+0200 (Eastern European Standard Time)]  [ERROR][GET][200] : Fetching failed at url: /generate

info [Wed Feb 26 2020 22:26:18 GMT+0200 (Eastern European Standard Time)]  [GET] : Accessing route: /generate
info [Wed Feb 26 2020 22:26:18 GMT+0200 (Eastern European Standard Time)]  [GET] : Accessing route: /ChuckNorris
info [Wed Feb 26 2020 22:26:18 GMT+0200 (Eastern European Standard Time)]  [GET][200] : Fetching successfully url: https://matchilling-chuck-norris-jokes-v1.p.rapidapi.com/jokes/random in 469ms
info [Wed Feb 26 2020 22:26:18 GMT+0200 (Eastern European Standard Time)]  [GET] : Accessing route: /numbers
info [Wed Feb 26 2020 22:26:19 GMT+0200 (Eastern European Standard Time)]  [ERROR][GET][200] : Fetching failed at  /numbers
info [Wed Feb 26 2020 22:26:19 GMT+0200 (Eastern European Standard Time)]  [GET] : Accessing route: /definition/undefined

info [Wed Feb 26 2020 22:28:54 GMT+0200 (Eastern European Standard Time)]  [GET] : Accessing route: /generate
info [Wed Feb 26 2020 22:28:54 GMT+0200 (Eastern European Standard Time)]  [GET] : Accessing route: /ChuckNorris
info [Wed Feb 26 2020 22:28:56 GMT+0200 (Eastern European Standard Time)]  [GET][200] : Fetching successfully url: https://matchilling-chuck-norris-jokes-v1.p.rapidapi.com/jokes/random in 1202ms
info [Wed Feb 26 2020 22:28:56 GMT+0200 (Eastern European Standard Time)]  [GET] : Accessing route: /numbers
info [Wed Feb 26 2020 22:28:56 GMT+0200 (Eastern European Standard Time)]  [GET] : Fetching url: https://numbersapi.p.rapidapi.com/6/12/date?fragment=true&json=true in 829ms
info [Wed Feb 26 2020 22:28:56 GMT+0200 (Eastern European Standard Time)]  [GET] : Accessing route: /definition/with
info [Wed Feb 26 2020 22:29:12 GMT+0200 (Eastern European Standard Time)]  [GET] : Accessing route: /generate
info [Wed Feb 26 2020 22:29:12 GMT+0200 (Eastern European Standard Time)]  [GET] : Accessing route: /ChuckNorris
info [Wed Feb 26 2020 22:29:12 GMT+0200 (Eastern European Standard Time)]  [GET][200] : Fetching successfully url: https://matchilling-chuck-norris-jokes-v1.p.rapidapi.com/jokes/random in 316ms
info [Wed Feb 26 2020 22:29:13 GMT+0200 (Eastern European Standard Time)]  [GET] : Accessing route: /numbers
info [Wed Feb 26 2020 22:29:15 GMT+0200 (Eastern European Standard Time)]  [GET] : Fetching url: https://numbersapi.p.rapidapi.com/6/12/date?fragment=true&json=true in 2849ms
info [Wed Feb 26 2020 22:29:15 GMT+0200 (Eastern European Standard Time)]  [GET] : Accessing route: /definition/an

info [Wed Feb 26 2020 22:29:58 GMT+0200 (Eastern European Standard Time)]  [GET] : Accessing route: /generate
info [Wed Feb 26 2020 22:29:58 GMT+0200 (Eastern European Standard Time)]  [GET] : Accessing route: /ChuckNorris
info [Wed Feb 26 2020 22:29:59 GMT+0200 (Eastern European Standard Time)]  [GET][200] : Fetching successfully url: https://matchilling-chuck-norris-jokes-v1.p.rapidapi.com/jokes/random in 453ms
info [Wed Feb 26 2020 22:29:59 GMT+0200 (Eastern European Standard Time)]  [GET] : Accessing route: /numbers
info [Wed Feb 26 2020 22:30:12 GMT+0200 (Eastern European Standard Time)]  [GET] : Fetching url: https://numbersapi.p.rapidapi.com/6/12/date?fragment=true&json=true in 12889ms
info [Wed Feb 26 2020 22:30:12 GMT+0200 (Eastern European Standard Time)]  [GET] : Accessing route: /definition/Vatican
info [Wed Feb 26 2020 22:30:27 GMT+0200 (Eastern European Standard Time)]  [GET] : Accessing route: /generate
info [Wed Feb 26 2020 22:30:27 GMT+0200 (Eastern European Standard Time)]  [GET] : Accessing route: /ChuckNorris
info [Wed Feb 26 2020 22:30:27 GMT+0200 (Eastern European Standard Time)]  [GET][200] : Fetching successfully url: https://matchilling-chuck-norris-jokes-v1.p.rapidapi.com/jokes/random in 363ms
info [Wed Feb 26 2020 22:30:27 GMT+0200 (Eastern European Standard Time)]  [GET] : Accessing route: /numbers
info [Wed Feb 26 2020 22:30:28 GMT+0200 (Eastern European Standard Time)]  [GET] : Fetching url: https://numbersapi.p.rapidapi.com/6/12/date?fragment=true&json=true in 629ms
info [Wed Feb 26 2020 22:30:28 GMT+0200 (Eastern European Standard Time)]  [GET] : Accessing route: /definition/Chinese

























info [Wed Feb 26 2020 22:44:15 GMT+0200 (Eastern European Standard Time)]  [GET] : Accessing route: /generate
info [Wed Feb 26 2020 22:44:15 GMT+0200 (Eastern European Standard Time)]  [GET] : Accessing route: /ChuckNorris
info [Wed Feb 26 2020 22:44:17 GMT+0200 (Eastern European Standard Time)]  [GET][200] : Fetching successfully url: https://matchilling-chuck-norris-jokes-v1.p.rapidapi.com/jokes/random in 2223ms
info [Wed Feb 26 2020 22:44:17 GMT+0200 (Eastern European Standard Time)]  [GET] : Accessing route: /numbers
info [Wed Feb 26 2020 22:44:18 GMT+0200 (Eastern European Standard Time)]  [GET] : Fetching url: https://numbersapi.p.rapidapi.com/6/12/date?fragment=true&json=true in 458ms
info [Wed Feb 26 2020 22:44:18 GMT+0200 (Eastern European Standard Time)]  [GET] : Accessing route: /definition/going





















info [Wed Feb 26 2020 22:56:44 GMT+0200 (Eastern European Standard Time)]  [GET] : Accessing route: /generate
info [Wed Feb 26 2020 22:56:44 GMT+0200 (Eastern European Standard Time)]  [GET] : Accessing route: /ChuckNorris
info [Wed Feb 26 2020 22:56:51 GMT+0200 (Eastern European Standard Time)]  [GET][200] : Fetching successfully url: https://matchilling-chuck-norris-jokes-v1.p.rapidapi.com/jokes/random in 7075ms
info [Wed Feb 26 2020 22:56:51 GMT+0200 (Eastern European Standard Time)]  [GET] : Accessing route: /numbers
info [Wed Feb 26 2020 22:57:05 GMT+0200 (Eastern European Standard Time)]  [GET] : Fetching url: https://numbersapi.p.rapidapi.com/6/12/date?fragment=true&json=true in 13724ms
info [Wed Feb 26 2020 22:57:05 GMT+0200 (Eastern European Standard Time)]  [GET] : Accessing route: /definition/when
info [Wed Feb 26 2020 22:58:45 GMT+0200 (Eastern European Standard Time)]  [GET] : Accessing route: /generate
info [Wed Feb 26 2020 22:58:45 GMT+0200 (Eastern European Standard Time)]  [GET] : Accessing route: /ChuckNorris
info [Wed Feb 26 2020 22:58:47 GMT+0200 (Eastern European Standard Time)]  [GET][200] : Fetching successfully url: https://matchilling-chuck-norris-jokes-v1.p.rapidapi.com/jokes/random in 1548ms
info [Wed Feb 26 2020 22:58:47 GMT+0200 (Eastern European Standard Time)]  [GET] : Accessing route: /numbers
info [Wed Feb 26 2020 22:58:49 GMT+0200 (Eastern European Standard Time)]  [GET] : Fetching url: https://numbersapi.p.rapidapi.com/6/12/date?fragment=true&json=true in 2074ms
info [Wed Feb 26 2020 22:58:49 GMT+0200 (Eastern European Standard Time)]  [GET] : Accessing route: /definition/will
